[    0.000000] Initializing cgroup subsys cpuset
[    0.000000] Initializing cgroup subsys cpu
[    0.000000] Initializing cgroup subsys cpuacct
[    0.000000] Linux version 4.4.0-130-generic (buildd@lgw01-amd64-039) (gcc version 5.4.0 20160609 (Ubuntu 5.4.0-6ubuntu1~16.04.9) ) #156-Ubuntu SMP Thu Jun 14 08:53:28 UTC 2018 (Ubuntu 4.4.0-130.156-generic 4.4.134)
[    0.000000] Command line: BOOT_IMAGE=/boot/vmlinuz-4.4.0-130-generic root=LABEL=cloudimg-rootfs ro console=tty1 console=ttyS0
[    0.000000] KERNEL supported cpus:
[    0.000000]   Intel GenuineIntel
[    0.000000]   AMD AuthenticAMD
[    0.000000]   Centaur CentaurHauls
[    0.000000] x86/fpu: Legacy x87 FPU detected.
[    0.000000] x86/fpu: Using 'eager' FPU context switches.
[    0.000000] e820: BIOS-provided physical RAM map:
[    0.000000] BIOS-e820: [mem 0x0000000000000000-0x000000000009fbff] usable
[    0.000000] BIOS-e820: [mem 0x000000000009fc00-0x000000000009ffff] reserved
[    0.000000] BIOS-e820: [mem 0x00000000000f0000-0x00000000000fffff] reserved
[    0.000000] BIOS-e820: [mem 0x0000000000100000-0x000000007ffeffff] usable
[    0.000000] BIOS-e820: [mem 0x000000007fff0000-0x000000007fffffff] ACPI data
[    0.000000] BIOS-e820: [mem 0x00000000fec00000-0x00000000fec00fff] reserved
[    0.000000] BIOS-e820: [mem 0x00000000fee00000-0x00000000fee00fff] reserved
[    0.000000] BIOS-e820: [mem 0x00000000fffc0000-0x00000000ffffffff] reserved
[    0.000000] NX (Execute Disable) protection: active
[    0.000000] SMBIOS 2.5 present.
[    0.000000] Hypervisor detected: KVM
[    0.000000] e820: last_pfn = 0x7fff0 max_arch_pfn = 0x400000000
[    0.000000] MTRR: Disabled
[    0.000000] x86/PAT: MTRRs disabled, skipping PAT initialization too.
[    0.000000] CPU MTRRs all blank - virtualized system.
[    0.000000] x86/PAT: Configuration [0-7]: WB  WT  UC- UC  WB  WT  UC- UC  
[    0.000000] found SMP MP-table at [mem 0x0009fff0-0x0009ffff] mapped at [ffff88000009fff0]
[    0.000000] Scanning 1 areas for low memory corruption
[    0.000000] RAMDISK: [mem 0x36aa4000-0x37549fff]
[    0.000000] ACPI: Early table checksum verification disabled
[    0.000000] ACPI: RSDP 0x00000000000E0000 000024 (v02 VBOX  )
[    0.000000] ACPI: XSDT 0x000000007FFF0030 00003C (v01 VBOX   VBOXXSDT 00000001 ASL  00000061)
[    0.000000] ACPI: FACP 0x000000007FFF00F0 0000F4 (v04 VBOX   VBOXFACP 00000001 ASL  00000061)
[    0.000000] ACPI: DSDT 0x000000007FFF0470 0021FF (v02 VBOX   VBOXBIOS 00000002 INTL 20100528)
[    0.000000] ACPI: FACS 0x000000007FFF0200 000040
[    0.000000] ACPI: FACS 0x000000007FFF0200 000040
[    0.000000] ACPI: APIC 0x000000007FFF0240 00005C (v02 VBOX   VBOXAPIC 00000001 ASL  00000061)
[    0.000000] ACPI: SSDT 0x000000007FFF02A0 0001CC (v01 VBOX   VBOXCPUT 00000002 INTL 20100528)
[    0.000000] No NUMA configuration found
[    0.000000] Faking a node at [mem 0x0000000000000000-0x000000007ffeffff]
[    0.000000] NODE_DATA(0) allocated [mem 0x7ffeb000-0x7ffeffff]
[    0.000000] kvm-clock: Using msrs 4b564d01 and 4b564d00
[    0.000000] kvm-clock: cpu 0, msr 0:7ffe3001, primary cpu clock
[    0.000000] kvm-clock: using sched offset of 5861385990 cycles
[    0.000000] clocksource: kvm-clock: mask: 0xffffffffffffffff max_cycles: 0x1cd42e4dffb, max_idle_ns: 88159059483 ns
[    0.000000] Zone ranges:
[    0.000000]   DMA      [mem 0x0000000000001000-0x00000000000ffffff]
[    0.000000]   DMA32    [mem 0x0000000001000000-0x000000007ffeffff]
[    0.000000]   Normal   empty
[    0.000000]   Device   empty
[    0.000000] Movable zone start for each node
[    0.000000] Early memory node ranges
[    0.000000]   node   0: [mem 0x0000000000001000-0x000000000009efff]
[    0.000000]   node   0: [mem 0x0000000000100000-0x000000007ffeffff]
[    0.000000] Initmem setup node 0 [mem 0x0000000000001000-0x000000007ffeffff]
[    0.000000] ACPI: PM-Timer IO Port: 0x4008
[    0.000000] IOAPIC[0]: apic_id 2, version 32, address 0xfec00000, GSI 0-23
[    0.000000] ACPI: INT_SRC_OVR (bus 0 bus_irq 0 global_irq 2 dfl dfl)
[    0.000000] ACPI: INT_SRC_OVR (bus 0 bus_irq 9 global_irq 9 low level)
[    0.000000] Using ACPI (MADT) for SMP configuration information
[    0.000000] smpboot: Allowing 2 CPUs, 0 hotplug CPUs
[    0.000000] PM: Registered nosave memory: [mem 0x00000000-0x00000fff]
[    0.000000] PM: Registered nosave memory: [mem 0x0009f000-0x0009ffff]
[    0.000000] PM: Registered nosave memory: [mem 0x000a0000-0x000effff]
[    0.000000] PM: Registered nosave memory: [mem 0x000f0000-0x000fffff]
[    0.000000] e820: [mem 0x80000000-0xfebfffff] available for PCI devices
[    0.000000] Booting paravirtualized kernel on KVM
[    0.000000] clocksource: refined-jiffies: mask: 0xffffffff max_cycles: 0xffffffff, max_idle_ns: 7645519600211568 ns
[    0.000000] setup_percpu: NR_CPUS:512 nr_cpumask_bits:512 nr_cpu_ids:2 nr_node_ids:1
[    0.000000] PERCPU: Embedded 34 pages/cpu @ffff88007fc00000 s99544 r8192 d31528 u1048576
[    0.000000] PV qspinlock hash table entries: 256 (order: 0, 4096 bytes)
[    0.000000] Built 1 zonelists in Node order, mobility grouping on.  Total pages: 515960
[    0.000000] Policy zone: DMA32
[    0.000000] Kernel command line: BOOT_IMAGE=/boot/vmlinuz-4.4.0-130-generic root=LABEL=cloudimg-rootfs ro console=tty1 console=ttyS0
[    0.000000] PID hash table entries: 4096 (order: 3, 32768 bytes)
[    0.000000] Memory: 2033804K/2096696K available (8546K kernel code, 1313K rwdata, 4000K rodata, 1516K init, 1316K bss, 62892K reserved, 0K cma-reserved)
[    0.000000] SLUB: HWalign=64, Order=0-3, MinObjects=0, CPUs=2, Nodes=1
[    0.000000] Kernel/User page tables isolation: enabled
[    0.000000] Hierarchical RCU implementation.
[    0.000000] 	Build-time adjustment of leaf fanout to 64.
[    0.000000] 	RCU restricting CPUs from NR_CPUS=512 to nr_cpu_ids=2.
[    0.000000] RCU: Adjusting geometry for rcu_fanout_leaf=64, nr_cpu_ids=2
[    0.000000] NR_IRQS:33024 nr_irqs:440 16
[    0.000000] Console: colour VGA+ 80x25
[    0.000000] console [tty1] enabled
[    0.000000] console [ttyS0] enabled
[    0.000000] tsc: Detected 2255.334 MHz processor
[    0.566604] Calibrating delay loop (skipped) preset value.. 4510.66 BogoMIPS (lpj=9021336)
[    0.572190] pid_max: default: 32768 minimum: 301
[    0.575273] ACPI: Core revision 20150930
[    0.586756] ACPI: 2 ACPI AML tables successfully acquired and loaded
[    0.591096] Security Framework initialized
[    0.593925] Yama: becoming mindful.
[    0.596609] AppArmor: AppArmor initialized
[    0.603446] Dentry cache hash table entries: 262144 (order: 9, 2097152 bytes)
[    0.609047] Inode-cache hash table entries: 131072 (order: 8, 1048576 bytes)
[    0.614517] Mount-cache hash table entries: 4096 (order: 3, 32768 bytes)
[    0.619103] Mountpoint-cache hash table entries: 4096 (order: 3, 32768 bytes)
[    0.627305] Initializing cgroup subsys io
[    0.633943] Initializing cgroup subsys memory
[    0.640887] Initializing cgroup subsys devices
[    0.647111] Initializing cgroup subsys freezer
[    0.652664] Initializing cgroup subsys net_cls
[    0.658739] Initializing cgroup subsys perf_event
[    0.665170] Initializing cgroup subsys net_prio
[    0.670622] Initializing cgroup subsys hugetlb
[    0.676827] Initializing cgroup subsys pids
[    0.683160] CPU: Physical Processor ID: 0
[    0.691923] CPU: Processor Core ID: 0
[    0.764823] mce: CPU supports 0 MCE banks
[    0.817035] Last level iTLB entries: 4KB 128, 2MB 4, 4MB 4
[    0.889081] Last level dTLB entries: 4KB 256, 2MB 0, 4MB 32, 1GB 0
[    0.946322] Spectre V2 : Mitigation: Full generic retpoline
[    0.950331] Spectre V2 : Speculation control IBPB not-supported IBRS not-supported
[    0.954737] Speculative Store Bypass: Vulnerable
[    0.964305] Freeing SMP alternatives memory: 32K
[    0.987809] ftrace: allocating 32245 entries in 126 pages
[    1.102875] smpboot: APIC(0) Converting physical 0 to logical package 0
[    1.234093] smpboot: Max logical packages: 1
[    1.318312] x2apic enabled
[    1.321290] Switched APIC routing to physical x2apic.
[    1.335479] ..TIMER: vector=0x30 apic1=0 pin1=2 apic2=-1 pin2=-1
[    1.451584] APIC calibration not consistent with PM-Timer: 104ms instead of 100ms
[    1.463515] APIC delta adjusted to PM-Timer: 6230049 (6500117)
[    1.473133] smpboot: CPU0: Intel(R) Core(TM)2 Duo CPU     P7550  @ 2.26GHz (family: 0x6, model: 0x17, stepping: 0xa)
[    1.489143] Performance Events: unsupported p6 CPU model 23 no PMU driver, software events only.
[    1.508685] KVM setup paravirtual spinlock
[    1.521058] x86: Booting SMP configuration:
[    1.528292] .... node  #0, CPUs:      #1
[    1.542868] kvm-clock: cpu 1, msr 0:7ffe3041, secondary cpu clock
[    1.545742] mce: CPU supports 0 MCE banks
[    1.549466] x86: Booted up 1 node, 2 CPUs
[    1.561541] smpboot: Total of 2 processors activated (9021.33 BogoMIPS)
[    1.572007] devtmpfs: initialized
[    1.578379] evm: security.selinux
[    1.586284] evm: security.SMACK64
[    1.588687] evm: security.SMACK64EXEC
[    1.591294] evm: security.SMACK64TRANSMUTE
[    1.595383] evm: security.SMACK64MMAP
[    1.598038] evm: security.ima
[    1.600231] evm: security.capability
[    1.603227] clocksource: jiffies: mask: 0xffffffff max_cycles: 0xffffffff, max_idle_ns: 7645041785100000 ns
[    1.609578] futex hash table entries: 512 (order: 3, 32768 bytes)
[    1.613650] pinctrl core: initialized pinctrl subsystem
[    1.617335] RTC time:  9:45:52, date: 07/10/18
[    1.620865] NET: Registered protocol family 16
[    1.629477] cpuidle: using governor ladder
[    1.636361] cpuidle: using governor menu
[    1.639181] PCCT header not found.
[    1.641913] ACPI: bus type PCI registered
[    1.644633] acpiphp: ACPI Hot Plug PCI Controller Driver version: 0.5
[    1.648907] PCI: Using configuration type 1 for base access
[    1.671972] ACPI: Added _OSI(Module Device)
[    1.674918] ACPI: Added _OSI(Processor Device)
[    1.677897] ACPI: Added _OSI(3.0 _SCP Extensions)
[    1.681034] ACPI: Added _OSI(Processor Aggregator Device)
[    1.688121] ACPI: Executed 1 blocks of module-level executable AML code
[    1.698075] ACPI: Interpreter enabled
[    1.700640] ACPI: (supports S0 S5)
[    1.703232] ACPI: Using IOAPIC for interrupt routing
[    1.706806] PCI: Using host bridge windows from ACPI; if necessary, use "pci=nocrs" and report a bug
[    1.721133] ACPI: PCI Root Bridge [PCI0] (domain 0000 [bus 00-ff])
[    1.725005] acpi PNP0A03:00: _OSC: OS supports [ASPM ClockPM Segments MSI]
[    1.729205] acpi PNP0A03:00: _OSC: not requesting OS control; OS requires [ExtendedConfig ASPM ClockPM MSI]
[    1.735515] acpi PNP0A03:00: fail to add MMCONFIG information, can't access extended PCI configuration space under this bridge.
[    1.743402] PCI host bridge to bus 0000:00
[    1.746187] pci_bus 0000:00: root bus resource [io  0x0000-0x0cf7 window]
[    1.750417] pci_bus 0000:00: root bus resource [io  0x0d00-0xffff window]
[    1.754793] pci_bus 0000:00: root bus resource [mem 0x000a0000-0x000bffff window]
[    1.759830] pci_bus 0000:00: root bus resource [mem 0x80000000-0xfdffffff window]
[    1.765463] pci_bus 0000:00: root bus resource [bus 00-ff]
[    1.774878] pci 0000:00:01.1: legacy IDE quirk: reg 0x10: [io  0x01f0-0x01f7]
[    1.779191] pci 0000:00:01.1: legacy IDE quirk: reg 0x14: [io  0x03f6]
[    1.783186] pci 0000:00:01.1: legacy IDE quirk: reg 0x18: [io  0x0170-0x0177]
[    1.787526] pci 0000:00:01.1: legacy IDE quirk: reg 0x1c: [io  0x0376]
[    1.931124] pci 0000:00:07.0: quirk: [io  0x4000-0x403f] claimed by PIIX4 ACPI
[    1.975776] pci 0000:00:07.0: quirk: [io  0x4100-0x410f] claimed by PIIX4 SMB
[    2.071239] ACPI: PCI Interrupt Link [LNKA] (IRQs 5 9 10 *11)
[    2.076670] ACPI: PCI Interrupt Link [LNKB] (IRQs 5 9 *10 11)
[    2.081565] ACPI: PCI Interrupt Link [LNKC] (IRQs 5 *9 10 11)
[    2.086741] ACPI: PCI Interrupt Link [LNKD] (IRQs 5 9 10 *11)
[    2.091838] ACPI: Enabled 2 GPEs in block 00 to 07
[    2.096764] vgaarb: setting as boot device: PCI:0000:00:02.0
[    2.100391] vgaarb: device added: PCI:0000:00:02.0,decodes=io+mem,owns=io+mem,locks=none
[    2.105960] vgaarb: loaded
[    2.108146] vgaarb: bridge control possible 0000:00:02.0
[    2.112792] SCSI subsystem initialized
[    2.116542] ACPI: bus type USB registered
[    2.119493] usbcore: registered new interface driver usbfs
[    2.123118] usbcore: registered new interface driver hub
[    2.126649] usbcore: registered new device driver usb
[    2.131059] PCI: Using ACPI for IRQ routing
[    2.135285] NetLabel: Initializing
[    2.137826] NetLabel:  domain hash size = 128
[    2.140834] NetLabel:  protocols = UNLABELED CIPSOv4
[    2.144199] NetLabel:  unlabeled traffic allowed by default
[    2.148592] amd_nb: Cannot enumerate AMD northbridges
[    2.152049] clocksource: Switched to clocksource kvm-clock
[    2.182923] AppArmor: AppArmor Filesystem Enabled
[    2.186189] pnp: PnP ACPI init
[    2.190639] pnp: PnP ACPI: found 3 devices
[    2.218049] clocksource: acpi_pm: mask: 0xffffff max_cycles: 0xffffff, max_idle_ns: 2085701024 ns
[    2.223951] NET: Registered protocol family 2
[    2.227986] TCP established hash table entries: 16384 (order: 5, 131072 bytes)
[    2.233046] TCP bind hash table entries: 16384 (order: 6, 262144 bytes)
[    2.237164] TCP: Hash tables configured (established 16384 bind 16384)
[    2.241188] UDP hash table entries: 1024 (order: 3, 32768 bytes)
[    2.244946] UDP-Lite hash table entries: 1024 (order: 3, 32768 bytes)
[    2.249003] NET: Registered protocol family 1
[    2.252128] pci 0000:00:00.0: Limiting direct PCI/PCI transfers
[    2.255826] pci 0000:00:01.0: Activating ISA DMA hang workarounds
[    2.260124] Unpacking initramfs...
[    5.244285] Freeing initrd memory: 10904K
[    5.251747] platform rtc_cmos: registered platform RTC device (no PNP device found)
[    5.263057] Scanning for low memory corruption every 60 seconds
[    5.271669] audit: initializing netlink subsys (disabled)
[    5.284673] audit: type=2000 audit(1531215962.409:1): initialized
[    5.289714] Initialise system trusted keyring
[    5.293366] HugeTLB registered 2 MB page size, pre-allocated 0 pages
[    5.300276] zbud: loaded
[    5.314710] VFS: Disk quotas dquot_6.6.0
[    5.317566] VFS: Dquot-cache hash table entries: 512 (order 0, 4096 bytes)
[    5.323902] squashfs: version 4.0 (2009/01/31) Phillip Lougher
[    5.328523] fuse init (API version 7.23)
[    5.331443] Key type big_key registered
[    5.334164] Allocating IMA MOK and blacklist keyrings.
[    5.342932] Key type asymmetric registered
[    5.353266] Asymmetric key parser 'x509' registered
[    5.356677] Block layer SCSI generic (bsg) driver version 0.4 loaded (major 249)
[    5.374113] io scheduler noop registered
[    5.377007] io scheduler deadline registered (default)
[    5.380349] io scheduler cfq registered
[    5.383261] pci_hotplug: PCI Hot Plug PCI Core version: 0.5
[    5.386823] pciehp: PCI Express Hot Plug Controller Driver version: 0.4
[    5.391231] ACPI: AC Adapter [AC] (on-line)
[    5.397931] input: Power Button as /devices/LNXSYSTM:00/LNXPWRBN:00/input/input0
[    5.403380] ACPI: Power Button [PWRF]
[    5.406142] input: Sleep Button as /devices/LNXSYSTM:00/LNXSLPBN:00/input/input1
[    5.411155] ACPI: Sleep Button [SLPF]
[    5.424429] GHES: HEST is not enabled!
[    5.427699] Serial: 8250/16550 driver, 32 ports, IRQ sharing enabled
[    5.460842] 00:02: ttyS0 at I/O 0x3f8 (irq = 4, base_baud = 115200) is a 16550A
[    5.470881] Linux agpgart interface v0.103
[    5.477950] loop: module loaded
[    5.481975] scsi host0: ata_piix
[    5.484859] scsi host1: ata_piix
[    5.487273] ata1: PATA max UDMA/33 cmd 0x1f0 ctl 0x3f6 bmdma 0xd000 irq 14
[    5.493183] ata2: PATA max UDMA/33 cmd 0x170 ctl 0x376 bmdma 0xd008 irq 15
[    5.497584] libphy: Fixed MDIO Bus: probed
[    5.500427] tun: Universal TUN/TAP device driver, 1.6
[    5.516784] tun: (C) 1999-2004 Max Krasnyansky <maxk@qualcomm.com>
[    5.535357] PPP generic driver version 2.4.2
[    5.538459] ehci_hcd: USB 2.0 'Enhanced' Host Controller (EHCI) Driver
[    5.569891] ehci-pci: EHCI PCI platform driver
[    5.573583] ehci-platform: EHCI generic platform driver
[    5.588034] ohci_hcd: USB 1.1 'Open' Host Controller (OHCI) Driver
[    5.591855] ohci-pci: OHCI PCI platform driver
[    5.595081] ohci-platform: OHCI generic platform driver
[    5.598480] uhci_hcd: USB Universal Host Controller Interface driver
[    5.602557] i8042: PNP: PS/2 Controller [PNP0303:PS2K,PNP0f03:PS2M] at 0x60,0x64 irq 1,12
[    5.609265] serio: i8042 KBD port at 0x60,0x64 irq 1
[    5.612705] serio: i8042 AUX port at 0x60,0x64 irq 12
[    5.616206] mousedev: PS/2 mouse device common for all mice
[    5.620923] rtc_cmos rtc_cmos: rtc core: registered rtc_cmos as rtc0
[    5.625222] rtc_cmos rtc_cmos: alarms up to one day, 114 bytes nvram
[    5.629330] input: AT Translated Set 2 keyboard as /devices/platform/i8042/serio0/input/input2
[    5.635502] i2c /dev entries driver
[    5.638211] device-mapper: uevent: version 1.0.3
[    5.641665] device-mapper: ioctl: 4.34.0-ioctl (2015-10-28) initialised: dm-devel@redhat.com
[    5.653266] ledtrig-cpu: registered to indicate activity on CPUs
[    5.751866] NET: Registered protocol family 10
[    5.810461] NET: Registered protocol family 17
[    5.913744] Key type dns_resolver registered
[    5.958695] registered taskstats version 1
[    5.962035] Loading compiled-in X.509 certificates
[    5.966722] Loaded X.509 cert 'Build time autogenerated kernel key: b3e0fe4bcd6378c38a2c0a4648abbc1fa5043a22'
[    5.973290] zswap: loaded using pool lzo/zbud
[    6.000836] Key type trusted registered
[    6.041445] Key type encrypted registered
[    6.044269] AppArmor: AppArmor sha1 policy hashing enabled
[    6.047907] ima: No TPM chip found, activating TPM-bypass!
[    6.053577] ima: Allocated hash algorithm: sha1
[    6.056693] evm: HMAC attrs: 0x1
[    6.060179]   Magic number: 10:944:777
[    6.062866] misc rfkill: hash matches
[    6.065665] rtc_cmos rtc_cmos: setting system clock to 2018-07-10 09:45:56 UTC (1531215956)
[    6.071997] BIOS EDD facility v0.16 2004-Jun-25, 0 devices found
[    6.075791] EDD information not available.
[    6.087332] Freeing unused kernel memory: 1516K
[    6.104113] Write protecting the kernel read-only data: 14336k
[    6.127012] Freeing unused kernel memory: 1680K
[    6.131398] Freeing unused kernel memory: 96K
Loading, please wait...
starting version 229
[    6.502893] random: systemd-udevd: uninitialized urandom read (16 bytes read, 3 bits of entropy available)
[    6.511239] random: udevadm: uninitialized urandom read (16 bytes read, 3 bits of entropy available)
[    6.511397] random: udevadm: uninitialized urandom read (16 bytes read, 3 bits of entropy available)
[    6.628213] random: systemd-udevd: uninitialized urandom read (16 bytes read, 3 bits of entropy available)
[    6.663368] random: systemd-udevd: uninitialized urandom read (16 bytes read, 3 bits of entropy available)
[    6.697307] random: systemd-udevd: uninitialized urandom read (16 bytes read, 3 bits of entropy available)
[    6.721865] random: systemd-udevd: uninitialized urandom read (16 bytes read, 3 bits of entropy available)
[    6.794674] random: systemd-udevd: uninitialized urandom read (16 bytes read, 3 bits of entropy available)
[    6.808004] random: udevadm: uninitialized urandom read (16 bytes read, 3 bits of entropy available)
[    6.808411] random: udevadm: uninitialized urandom read (16 bytes read, 3 bits of entropy available)
[    7.296723] tsc: Refined TSC clocksource calibration: 2255.415 MHz
[    7.547868] clocksource: tsc: mask: 0xffffffffffffffff max_cycles: 0x2082af52e32, max_idle_ns: 440795223720 ns
[    8.082334] Fusion MPT base driver 3.04.20
[    8.088288] Copyright (c) 1999-2008 LSI Corporation
[    8.134720] e1000: Intel(R) PRO/1000 Network Driver - version 7.3.21-k8-NAPI
[    8.143562] e1000: Copyright (c) 1999-2006 Intel Corporation.
[    8.229690] Fusion MPT SPI Host driver 3.04.20
[    8.418758] input: ImExPS/2 Generic Explorer Mouse as /devices/platform/i8042/serio1/input/input4
[    9.628840] e1000 0000:00:03.0 eth0: (PCI:33MHz:32-bit) 02:2e:d6:ba:66:f8
[    9.634919] e1000 0000:00:03.0 eth0: Intel(R) PRO/1000 Network Connection
[    9.643812] mptbase: ioc0: Initiating bringup
[    9.996539] ioc0: LSI53C1030 A0: Capabilities={Initiator}
[   10.540972] scsi host2: ioc0: LSI53C1030 A0, FwRev=00000000h, Ports=1, MaxQ=256, IRQ=20
[   11.141518] scsi 2:0:0:0: Direct-Access     VBOX     HARDDISK         1.0  PQ: 0 ANSI: 5
[   11.260513] scsi target2:0:0: Beginning Domain Validation
[   11.266248] scsi target2:0:0: Domain Validation skipping write tests
[   11.270094] scsi target2:0:0: Ending Domain Validation
[   11.277084] scsi target2:0:0: asynchronous
[   11.283346] scsi 2:0:1:0: Direct-Access     VBOX     HARDDISK         1.0  PQ: 0 ANSI: 5
[   11.289874] scsi target2:0:1: Beginning Domain Validation
[   11.297083] scsi target2:0:1: Domain Validation skipping write tests
[   11.301388] scsi target2:0:1: Ending Domain Validation
[   11.305026] scsi target2:0:1: asynchronous
[   11.334875] sd 2:0:0:0: [sda] 20971520 512-byte logical blocks: (10.7 GB/10.0 GiB)
[   11.342578] sd 2:0:0:0: Attached scsi generic sg0 type 0
[   11.385554] sd 2:0:0:0: [sda] Write Protect is off
[   11.397856] sd 2:0:1:0: Attached scsi generic sg1 type 0
[   11.399292] sd 2:0:1:0: [sdb] 20480 512-byte logical blocks: (10.5 MB/10.0 MiB)
[   11.399602] sd 2:0:1:0: [sdb] Write Protect is off
[   11.399809] sd 2:0:1:0: [sdb] Incomplete mode parameter data
[   11.399811] sd 2:0:1:0: [sdb] Assuming drive cache: write through
[   11.422869] sd 2:0:1:0: [sdb] Attached SCSI disk
[   11.432516] sd 2:0:0:0: [sda] Incomplete mode parameter data
[   11.436011] sd 2:0:0:0: [sda] Assuming drive cache: write through
[   11.443652]  sda: sda1
[   11.450171] sd 2:0:0:0: [sda] Attached SCSI disk
[   12.075334] e1000 0000:00:08.0 eth1: (PCI:33MHz:32-bit) 08:00:27:69:d8:37
[   12.086333] e1000 0000:00:08.0 eth1: Intel(R) PRO/1000 Network Connection
[   12.111542] e1000 0000:00:08.0 enp0s8: renamed from eth1
[   12.134898] e1000 0000:00:03.0 enp0s3: renamed from eth0
Begin: Loading essential drivers ... [   16.422484] md: linear personality registered for level -1
[   16.539769] md: multipath personality registered for level -4
[   16.658090] md: raid0 personality registered for level 0
[   16.770639] md: raid1 personality registered for level 1
[   17.018036] raid6: sse2x1   gen()  3528 MB/s
[   17.089094] raid6: sse2x1   xor()  2982 MB/s
[   17.176289] raid6: sse2x2   gen()  2194 MB/s
[   17.248249] raid6: sse2x2   xor()  3315 MB/s
[   17.339902] raid6: sse2x4   gen()  6375 MB/s
[   17.409586] raid6: sse2x4   xor()  4470 MB/s
[   17.413285] raid6: using algorithm sse2x4 gen() 6375 MB/s
[   17.416880] raid6: .... xor() 4470 MB/s, rmw enabled
[   17.420444] raid6: using ssse3x2 recovery algorithm
[   17.436430] xor: measuring software checksum speed
[   17.512465]    prefetch64-sse:  9790.000 MB/sec
[   17.552080]    generic_sse:  7968.000 MB/sec
[   17.554995] xor: using function: prefetch64-sse (9790.000 MB/sec)
[   17.577688] async_tx: api initialized (async)
[   17.697160] md: raid6 personality registered for level 6
[   17.744016] md: raid5 personality registered for level 5
[   17.787395] md: raid4 personality registered for level 4
[   17.958965] md: raid10 personality registered for level 10
done.
Begin: Running /scripts/init-premount ... done.
Begin: Mounting root file system ... Begin: Running /scripts/local-top ... done.
Begin: Running /scripts/local-premount ... [   18.348427] Btrfs loaded
Scanning for Btrfs filesystems
done.
Warning: fsck not present, so skipping root file system
[   19.026725] EXT4-fs (sda1): mounted filesystem with ordered data mode. Opts: (null)
done.
Begin: Running /scripts/local-bottom ... done.
Begin: Running /scripts/init-bottom ... done.
[   19.938498] systemd[1]: systemd 229 running in system mode. (+PAM +AUDIT +SELINUX +IMA +APPARMOR +SMACK +SYSVINIT +UTMP +LIBCRYPTSETUP +GCRYPT +GNUTLS +ACL +XZ -LZ4 +SECCOMP +BLKID +ELFUTILS +KMOD -IDN)
[   19.950995] systemd[1]: Detected virtualization oracle.
[   19.954657] systemd[1]: Detected architecture x86-64.
[   19.958871] random: nonblocking pool is initialized

Welcome to [1mUbuntu 16.04.4 LTS[0m!

[   19.970470] systemd[1]: Set hostname to <ubuntu>.
[   19.978757] systemd[1]: Initializing machine ID from random generator.
[   19.983230] systemd[1]: Installed transient /etc/machine-id file.
[   21.488700] systemd[1]: Listening on Journal Socket (/dev/log).
[[0;32m  OK  [0m] Listening on Journal Socket (/dev/log).
[   21.500271] systemd[1]: Reached target User and Group Name Lookups.
[[0;32m  OK  [0m] Reached target User and Group Name Lookups.
[   21.510701] systemd[1]: Set up automount Arbitrary Executable File Formats File System Automount Point.
[[0;32m  OK  [0m] Set up automount Arbitrary Executab...ats File System Automount Point.
[   21.529742] systemd[1]: Listening on LVM2 poll daemon socket.
[[0;32m  OK  [0m] Listening on LVM2 poll daemon socket.
[   21.545302] systemd[1]: Started Trigger resolvconf update for networkd DNS.
[[0;32m  OK  [0m] Started Trigger resolvconf update for networkd DNS.
[   21.555137] systemd[1]: Listening on udev Kernel Socket.
[[0;32m  OK  [0m] Listening on udev Kernel Socket.
[   21.569050] systemd[1]: Listening on Journal Audit Socket.
[[0;32m  OK  [0m] Listening on Journal Audit Socket.
[   21.577723] systemd[1]: Reached target System Time Synchronized.
[[0;32m  OK  [0m] Reached target System Time Synchronized.
[   21.586971] systemd[1]: Listening on Syslog Socket.
[[0;32m  OK  [0m] Listening on Syslog Socket.
[   21.595209] systemd[1]: Listening on LVM2 metadata daemon socket.
[[0;32m  OK  [0m] Listening on LVM2 metadata daemon socket.
[   21.606361] systemd[1]: Created slice System Slice.
[[0;32m  OK  [0m] Created slice System Slice.
[   21.616831] systemd[1]: Created slice system-serial\x2dgetty.slice.
[[0;32m  OK  [0m] Created slice system-serial\x2dgetty.slice.
[   21.632717] systemd[1]: Reached target Swap.
[[0;32m  OK  [0m] Reached target Swap.
[   21.797804] sysmd[1]: Listening on udev ontrol Socket.

[[0;32m  OK  [0m] Listening on udev Control Socket.
[   21.965964] systemd[1]: Listening on Journal Socket.
[[0;32m  OK  [0m] Listening on Journal Socket.
[   22.082001] systemd[1]: Starting Journal Service...
         Starting Journal Service...
[   22.289622] systemd[1]: Starting Uncomplicated firewall...
         Starting Uncomplicated firewall...
[   22.438884] systemd[1]: Mounting POSIX Message Queue File System...
         Mounting POSIX Message Queue File System...
[   22.763012] systemd[1]: Mounting Huge Pages File System...
         Mounting Huge Pages File System...
[   22.894572] systemd[1]: Listening on /dev/initctl Compatibility Named Pipe.
[[0;32m  OK  [0m] Listening on /dev/initctl Compatibility Named Pipe.
[   23.250473] systemd[1]: Starting Nameserver information manager...
         Starting Nameserver information manager...
[   23.390500] systemd[1]: Listening on Device-mapper event daemon FIFOs.
[[0;32m  OK  [0m] Listening on Device-mapper event daemon FIFOs.
[   23.442937] systemd[1]: Reached target Encrypted Volumes.
[[0;32m  OK  [0m] Reached target Encrypted Volumes.
[   23.524518] systemd[1]: Starting Remount Root and Kernel File Systems...
[   23.578803] EXT4-fs (sda1): re-mounted. Opts: (null)
         Starting Remount Root and Kernel File Systems...
[   23.648815] systemd[1]: Started Forward Password Requests to Wall Directory Watch.
[[0;32m  OK  [0m] Started Forward Password Requests to Wall Directory Watch.
[   23.663737] systemd[1]: Created slice User and Session Slice.
[[0;32m  OK  [0m] Created slice User and Session Slice.
[   23.671175] systemd[1]: Reached target Slices.
[[0;32m  OK  [0m] Reached target Slices.
[   23.779035] systemd[1]: Starting Create list of required static device nodes for the current kernel...
         Starting Create list of required st... nodes for the current kernel...
[   23.965241] systemd[1]: Starting Load Kernel Modules...
         Starting Load Kernel Modules...
[   24.081140] systemd[1]: Starting Set console keymap...
         Starting Set console keymap...
[   24.306212] systemd[1]: Mounting Debug File System...
         Mounting Debug File System...
[   24.489075] hrtimer: interrupt took 87237967 ns
[   24.516557] systemd[1]: Starting Monitoring of LVM2 mirrors, snapshots etc. using dmeventd or progress polling...
         Starting Monitoring of LVM2 mirrors... dmeventd or progress polling...
[   24.837313] Loading iSCSI transport class v2.0-870.
[   25.000525] systemd[1]: Mounted POSIX Message Queue File System.
[[0;32m  OK  [0m] Mounted POSIX Message Queue File System.
[   25.043252] systemd[1]: Mounted Huge Pages File System.
[[0;32m  OK  [0m] Mounted Huge Pages File System.
[   25.076638] systemd[1]: Mounted Debug File System.
[[0;32m  OK  [0m] Mounted Debug File System.[   25.088825] iscsi: registered transport (tcp)

[   25.102546] systemd[1]: Started Journal Service.
[[0;32m  OK  [0m] Started Journal Service.
[[0;32m  OK  [0m] Started Uncomplicated firewall.
[[0;32m  OK  [0m] Started Remount Root and Kernel File Systems.
[[0;32m  OK  [0m] Started Create list of required sta...ce nodes for the current kernel.
[   25.921692] iscsi: registered transport (iser)
[[0;32m  OK  [0m] Started Nameserver information manager.
[[0;32m  OK  [0m] Started Load Kernel Modules.
         Starting Apply Kernel Variables...
         Mounting FUSE Control File System...
[[0;32m  OK  [0m] Started LVM2 metadata daemon.
         Starting Create Static Device Nodes in /dev...
         Starting udev Coldplug all Devices...
         Starting Load/Save Random Seed...
         Starting Flush Journal to Persistent Storage...
[[0;32m  OK  [0m] Mounted FUSE Control File System.
[[0;32m  OK  [0m] Started Set console keymap.
[[0;32m  OK  [0m] Started Apply Kernel Variables.
[[0;32m  OK  [0m] Started Load/Save Random Seed.
[[0;32m  OK  [0m] Started Create Static Device Nodes in /dev.
         Starting udev Kernel Device Manager...
[[0;32m  OK  [0m] Started Monitoring of LVM2 mirrors,...ng dmeventd or progress polling.
[[0;32m  OK  [0m] Started Flush Journal to Persistent Storage.
[[0;32m  OK  [0m] Started udev Kernel Device Manager.
[[0;32m  OK  [0m] Reached target Local File Systems (Pre).
[[0;32m  OK  [0m] Reached target Local File Systems.
         Starting LSB: AppArmor initialization...
         Starting Commit a transient machine-id on disk...
         Starting Initial cloud-init job (pre-networking)...
         Starting Tell Plymouth To Write Out Runtime Data...
         Starting Set console font and keymap...
         Starting Create Volatile Files and Directories...
[[0;32m  OK  [0m] Started Commit a transient machine-id on disk.
[[0;32m  OK  [0m] Started Tell Plymouth To Write Out Runtime Data.
[[0;32m  OK  [0m] Started Create Volatile Files and Directories.
         Starting Update UTMP about System Boot/Shutdown...
[[0;32m  OK  [0m] Started Update UTMP about System Boot/Shutdown.
[[0;32m  OK  [0m] Started udev Coldplug all Devices.
[[0;32m  OK  [0m] Started Dispatch Password Requests to Console Directory Watch.
[[0;32m  OK  [0m] Found device /dev/ttyS0.
[[0;32m  OK  [0m] Started LSB: AppArmor initialization.
[[0;32m  OK  [0m] Started Set console font and keymap.
[[0;32m  OK  [0m] Created slice system-getty.slice.
[   58.955882] cloud-init[468]: Cloud-init v. 18.2 running 'init-local' at Tue, 10 Jul 2018 09:46:36 +0000. Up 45.10 seconds.
[[0;32m  OK  [0m] Started Initial cloud-init job (pre-networking).
[[0;32m  OK  [0m] Reached target Network (Pre).
         Starting Raise network interfaces...
[[0;32m  OK  [0m] Listening on Load/Save RF Kill Switch Status /dev/rfkill Watch.
[ [0;31m*[0;1;31m*[0m[0;31m*  [0m] A start job is running for Raise network interfaces (48s / 5min 41s)[K[[0;31m*[0;1;31m*[0m[0;31m*   [0m] A start job is running for Raise network interfaces (50s / 5min 41s)[K[[0;1;31m*[0m[0;31m*    [0m] A start job is running for Raise network interfaces (51s / 5min 41s)[K[[0m[0;31m*     [0m] A start job is running for Raise network interfaces (51s / 5min 41s)[K[[0;1;31m*[0m[0;31m*    [0m] A start job is running for Raise network interfaces (52s / 5min 41s)[K[[0;31m*[0;1;31m*[0m[0;31m*   [0m] A start job is running for Raise network interfaces (52s / 5min 52s)[K[ [0;31m*[0;1;31m*[0m[0;31m*  [0m] A start job is running for Raise network interfaces (53s / 5min 52s)[K[  [0;31m*[0;1;31m*[0m[0;31m* [0m] A start job is running for Raise network interfaces (53s / 5min 52s)[K[   [0;31m*[0;1;31m*[0m[0;31m*[0m] A start job is running for Raise network interfaces (54s / 5min 52s)[K[    [0;31m*[0;1;31m*[0m] A start job is running for Raise network interfaces (54s / 5min 52s)[K[     [0;31m*[0m] A start job is running for Raise network interfaces (55s / 5min 52s)[K[    [0;31m*[0;1;31m*[0m] A start job is running for Raise network interfaces (55s / 5min 52s)[K[   [0;31m*[0;1;31m*[0m[0;31m*[0m] A start job is running for Raise network interfaces (56s / 5min 52s)[K[  [0;31m*[0;1;31m*[0m[0;31m* [0m] A start job is running for Raise network interfaces (56s / 5min 52s)[K[ [0;31m*[0;1;31m*[0m[0;31m*  [0m] A start job is running for Raise network interfaces (57s / 5min 52s)[K[[0;32m  OK  [0m] Started Raise network interfaces.
         Starting Initial cloud-init job (metadata service crawler)...
[[0;32m  OK  [0m] Reached target Network.
[   85.499933] cloud-init[1001]: Cloud-init v. 18.2 running 'init' at Tue, 10 Jul 2018 09:47:11 +0000. Up 79.85 seconds.
[   85.520431] cloud-init[1001]: ci-info: ++++++++++++++++++++++++++++++++++++++Net device info++++++++++++++++++++++++++++++++++++++
[   85.555107] cloud-init[1001]: ci-info: +--------+-------+----------------------------+---------------+-------+-------------------+
[   85.581298] cloud-init[1001]: ci-info: | Device |   Up  |          Address           |      Mask     | Scope |     Hw-Address    |
[   85.755088] cloud-init[1001]: ci-info: +--------+-------+----------------------------+---------------+-------+-------------------+
[   85.780684] cloud-init[1001]: ci-info: | enp0s3 |  True |         10.0.2.15          | 255.255.255.0 |   .   | 02:2e:d6:ba:66:f8 |
[   85.850928] cloud-init[1001]: ci-info: | enp0s3 |  True | fe80::2e:d6ff:feba:66f8/64 |       .       |  link | 02:2e:d6:ba:66:f8 |
[   85.983053] cloud-init[1001]: ci-info: | enp0s8 | False |             .              |       .       |   .   | 08:00:27:69:d8:37 |
[[0;32m  OK  [0m] Started Initial cloud-init job (metadata service crawler).
[   86.099996] cloud-init[1001]: ci-info: |   lo   |  True |         127.0.0.1          |   255.0.0.0   |   .   |         .         |
[   86.117042] cloud-init[1001]: ci-info: |   lo   |  True |          ::1/128           |       .       |  host |         .         |
[[0;32m  OK  [0m] Reached target System Initialization.
[   86.135176] [[0;32m  OK  [0m] Started Daily Cleanup of Temporary Directories.
cloud-init[1001]: ci-info: +--------+-------+----------------------------+---------------+-------+-------------------+
         Starting LXD - unix socket.
[[0;32m  OK  [0m] Listening on D-Bus System Message Bus Socket.
[[0;32m  OK  [0m] Listening on ACPID Listen Socket.
[   86.209824] cloud-init[1001]: ci-info: +++++++++++++++++++++++++++Route IPv4 info++++++++++++++++++++++++++++
[   86.376035] cloud-init[1001]: ci-info: +-------+-------------+----------+---------------+-----------+-------+
[   86.377073] cloud-init[1001]: ci-info: | Route | Destination | Gateway  |    Genmask    | Interface | Flags |
[   86.377417] cloud-init[1001]: ci-info: +-------+-------------+----------+---------------+-----------+-------+
[   86.377752] cloud-init[1001]: ci-info: |   0   |   0.0.0.0   | 10.0.2.2 |    0.0.0.0    |   enp0s3  |   UG  |
[   86.378084] cloud-init[1001]: ci-info: |   1   |   10.0.2.0  | 0.0.0.0  | 255.255.255.0 |   enp0s3  |   U   |
[   86.378411] cloud-init[1001]: ci-info: +-------+-------------+----------+---------------+-----------+-------+
[   86.379129] cloud-init[1001]: Generating public/private rsa key pair.
[   86.379606] cloud-init[1001]: Your identification has been saved in /etc/ssh/ssh_host_rsa_key.
[[0;32m  OK  [0m] Started ACPI Events Check.
[[0;32m  OK  [0m] Reached target Paths.
[   86.380235]          cloud-init[1001]: Your public key has been saved in /etc/ssh/ssh_host_rsa_key.pub.
[   86.914868] cloud-init[1001]: The key fingerprint is:
[   86.918352] cloud-init[1001]: SHA256:6ZfxS9y7sYI6817ibwYi4o4fQT/9r+fRQox8MxVAvUI root@ubuntu-xenial
[   86.919272] cloud-init[1001]: The key's randomart image is:
[   86.919947] cloud-init[1001]: +---[RSA 2048]----+
[   86.921581] cloud-init[1001]: |           .oo.  |
[   86.928328] cloud-init[1001]: |            E .. |
[   86.930167] cloud-init[1001]: |    .      .  .. |
Starting Socket activation for snappy daemon.
[   86.935569] cloud-init[1001]: |   . . . o o...  |
[[0;32m  OK  [0m] Listening on UUID daemon activation socket.
[   87.184747] cloud-init[1001]: |    . o S + *.   |
[   87.208816] cloud-init[1001]: |    ...o...B =   |
[   87.261142] cloud-init[1001]: |   ... ...=oB +  |
[   87.261820] cloud-init[1001]: |   ...  oo.==+ + |
[   87.262484] cloud-init[1001]: |  .oo   .*=B=.+. |
[   87.262915] cloud-init[1001]: +----[SHA256]-----+
[   87.263657] cloud-init[1001]: Generating public/private dsa key pair.
[[0;32m  OK  [0m] Started Daily apt download activities.
[   87.264548] cloud-init[1001]: Your identification has been saved in /etc/ssh/ssh_host_dsa_key.
[[0;32m  OK  [0m] Started Daily apt upgrade and clean activities.
[[0;32m  OK  [0m] Reached target Timers.
[[   87.403217] cloud-init[1001]: Your public key has been saved in /etc/ssh/ssh_host_dsa_key.pub.
[   87.426007] [0;32m  OK  [0m] Reached target Network is Online.
cloud-init[1001]: The key fingerprint is:
[   87.536416]          cloud-initStarting iSCSI initiator daemon (iscsid)...[1001]: 
SHA256:lZNmywC87qMxgHw47z2CIQ5ReAOPbJ5++FvvC21hEuA root@ubuntu-xenial
[   87.781823] [cloud-init[0;32m  OK  [0m[1001]: ] The key's randomart image is:Reached target Cloud-config availability.

[   87.784911] cloud-init[1001]: +---[DSA 1024]----+
[[0;32m  OK  [0m] Listening on LXD - unix socket.
[   87.873553] [[0;32m  OK  [0m] Listening on Socket activation for snappy daemon.
cloud-init[1001]: |.o . ..          |
[   87.947595] cloud-init[1001]: [[0;32m  OK  [0m] Reached target Sockets.
[[0;32m  OK  [0m] Reached target Basic System.
|oo= . ..   o     |
[   88.090230] [[0;32m  OK  [0m] Started FUSE filesystem for LXC.
cloud-init[1001]: |.=.E . .. B      |
[   88.116513] cloud-init[1001]: |=.o   o  * o     |
[   88.129988] cloud-init[1001]: |.B.. o oS o      |
[   88.136638] cloud-init[1001]: |+.=.  = .        |
[   88.149311] cloud-init[1001]: |+oooo+ o         |
[   88.162383] cloud-init[1001]: | o+.o+*          |
[   88.170582] cloud-init[1001]: |   ++oo=.        |
[   88.181097]          cloud-initStarting LSB: MD monitoring daemon...[1001]: 
+----[SHA256]-----+
[   88.493350] cloud-init[1001]: Generating public/private ecdsa key pair.
[   88.546271] [[0;32m  OK  [0m] Started Regular background program processing daemon.
cloud-init[1001]: Your identification has been saved in /etc/ssh/ssh_host_ecdsa_key.
[   88.684940] cloud-init[1001]: Your public key has been saved in /etc/ssh/ssh_host_ecdsa_key.pub.
[   88.722609] cloud-init[1001]: The key fingerprint is:
[   88.729882] cloud-init[1001]: SHA256:XHe4xqkDfIombn5dTitWdi+pc/MSMaWVx2yfEntZth8 root@ubuntu-xenial
[   88.743253] cloud-init[1001]: The key's randomart image is:
[   88.827334] cloud-init[1001]: +---[ECDSA 256]---+
[   88.889393] cloud-init[1001]: |               + |
[   88.981942] cloud-init[1001]: |             o+ B|
[   88.983053] cloud-init[1001]: |          . o+++*|
[[0;32m  OK  [0m] Started ACPI event daemon.
[   88.983531] cloud-init[1001]: |       o . o+* E.|
         Starting Accounts Service...
[   89.329572] cloud-init[1001]: |        S . =oo o|
[   89.430435] cloud-init[1001]: |       . +=oo   .|
[   89.483565]          Starting Pollinate to seed the pseudo random number generator...
cloud-init[1001]: |    . o..*oo +   |
[   89.612045] cloud-init[1001]: |   ..o. + +.* .  |
         Starting LSB: Record successful boot for GRUB...
[   89.835359] cloud-init[1001]: |   oo. . ..+ =.  |
[   89.891759] cloud-init[1001]: +----[SHA256]-----+
[   90.012224] cloud-init[1001]: Generating public/private ed25519 key pair.
[   90.059125] cloud-init[1001]: Your identification has been saved in /etc/ssh/ssh_host_ed25519_key.
[   90.260172]          Starting Apply the settings specified in cloud-config...
cloud-init[1001]: Your public key has been saved in /etc/ssh/ssh_host_ed25519_key.pub.
         Starting Virtualbox guest utils...
[   90.589939] cloud-init[1001]: The key fingerprint is:
[   90.638342] cloud-init[1001]: SHA256:qsY0UiFgiffXuAc1QYl8GtyjTpcjZP08P/AKehpN0eM root@ubuntu-xenial
[[0;32m  OK  [0m] Started D-Bus System Message Bus.
[   90.683696] cloud-init[1001]: The key's randomart image is:
[   90.764064] cloud-init[1001]: +--[ED25519 256]--+
[   90.934244] cloud-init[1001]: |oo.  o =oo       |
[   90.999555] cloud-init[1001]: |o.o . B O.       |
[   91.114285] cloud-init[1001]: | . o + O.*o      |
[   91.211139] cloud-init[1001]: |    o O =o=.     |
[   91.260091] cloud-init[1001]: |   . + =S.E=     |
[   91.332969] cloud-init[1001]: |  . o o+o   +    |
[   91.585759] cloud-init[1001]: |   + .oo.. . .   |
[   91.656852] cloud-init[1001]: |    o.... .      |
[   91.718737] cloud-init[1001]: |   .. .o         |
[   91.737293] cloud-init[1001]: +----[SHA256]-----+
         Starting Login Service...
[[0;32m  OK  [0m] Started Deferred execution scheduler.
         Starting /etc/rc.local Compatibility...
[[0;32m  OK  [0m] Started Unattended Upgrades Shutdown.
         Starting Snappy daemon...
         Starting System Logging Service...
         Starting LXD - container startup/shutdown...
[[0;32m  OK  [0m] Started iSCSI initiator daemon (iscsid).
[[0;32m  OK  [0m] Started /etc/rc.local Compatibility.
[[0;32m  OK  [0m] Started System Logging Service.
         Starting Authenticate and Authorize Users to Run Privileged Tasks...
         Starting Login to default iSCSI targets...
[[0;32m  OK  [0m] Started Login Service.
[[0;32m  OK  [0m] Started LSB: Record successful boot for GRUB.
[[0;32m  OK  [0m] Started Authenticate and Authorize Users to Run Privileged Tasks.
[[0;32m  OK  [0m] Started LSB: MD monitoring daemon.
[[0;32m  OK  [0m] Started Accounts Service.
[[0;32m  OK  [0m] Started Login to default iSCSI targets.
[[0;32m  OK  [0m] Reached target Remote File Systems (Pre).
[[0;32m  OK  [0m] Reached target Remote File Systems.
         Starting LSB: Set the CPU Frequency Scaling governor to "ondemand"...
         Starting LSB: daemon to balance interrupts for SMP systems...
         Starting Permit User Sessions...
         Starting LSB: automatic crash report generation...
[[0;32m  OK  [0m] Started Permit User Sessions.
         Starting Terminate Plymouth Boot Screen...
         Starting Hold until boot process finishes up...
[[0;32m  OK  [0m] Started LXD - container startup/shutdown.
[[0;32m  OK  [0m] Started Terminate Plymouth Boot Screen.
[[0;32m  OK  [0m] Started Hold until boot process finishes up.
         Starting Set console scheme...
[[0;32m  OK  [0m] Started Serial Getty on ttyS0.
[[0;32m  OK  [0m] Started Getty on tty1.
[[0;32m  OK  [0m] Reached target Login Prompts.
[[0;32m  OK  [0m] Started Snappy daemon.
[[0;32m  OK  [0m] Started Set console scheme.
         Starting Wait until snapd is fully seeded...
[[0;32m  OK  [0m] Started LSB: Set the CPU Frequency Scaling governor to "ondemand".
[[0;32m  OK  [0m] Started Virtualbox guest utils.
[[0;32m  OK  [0m] Started LSB: daemon to balance interrupts for SMP systems.
[[0;32m  OK  [0m] Started LSB: automatic crash report generation.
[[0;32m  OK  [0m] Started Pollinate to seed the pseudo random number generator.
         Starting OpenBSD Secure Shell server...
[[0;32m  OK  [0m] Started OpenBSD Secure Shell server.

Ubuntu 16.04.4 LTS ubuntu-xenial ttyS0

ubuntu-xenial login: [  110.767507] cloud-init[1134]: Generating locales (this might take a while)...
[  127.399238] cloud-init[1134]:   en_US.UTF-8... done
[  127.455237] cloud-init[1134]: Generation complete.
[  138.744078] cloud-init[1134]: Cloud-init v. 18.2 running 'modules:config' at Tue, 10 Jul 2018 09:47:38 +0000. Up 106.60 seconds.
ci-info: no authorized ssh keys fingerprints found for user ubuntu.
<14>Jul 10 09:48:20 ec2: 
<14>Jul 10 09:48:20 ec2: #############################################################
<14>Jul 10 09:48:20 ec2: -----BEGIN SSH HOST KEY FINGERPRINTS-----
<14>Jul 10 09:48:20 ec2: 1024 SHA256:lZNmywC87qMxgHw47z2CIQ5ReAOPbJ5++FvvC21hEuA root@ubuntu-xenial (DSA)
<14>Jul 10 09:48:20 ec2: 256 SHA256:XHe4xqkDfIombn5dTitWdi+pc/MSMaWVx2yfEntZth8 root@ubuntu-xenial (ECDSA)
<14>Jul 10 09:48:20 ec2: 256 SHA256:qsY0UiFgiffXuAc1QYl8GtyjTpcjZP08P/AKehpN0eM root@ubuntu-xenial (ED25519)
<14>Jul 10 09:48:20 ec2: 2048 SHA256:6ZfxS9y7sYI6817ibwYi4o4fQT/9r+fRQox8MxVAvUI root@ubuntu-xenial (RSA)
<14>Jul 10 09:48:20 ec2: -----END SSH HOST KEY FINGERPRINTS-----
<14>Jul 10 09:48:20 ec2: #############################################################
-----BEGIN SSH HOST KEY KEYS-----
ecdsa-sha2-nistp256 AAAAE2VjZHNhLXNoYTItbmlzdHAyNTYAAAAIbmlzdHAyNTYAAABBBKsRjLpeZFNvDYXPOB5TEXR5kWLzUz89H8Y+JkwcJwA4zjlj3c2N/YeHmU+Zm84ml+WBvDlnzyvRdG1BPsOQJh4= root@ubuntu-xenial
ssh-ed25519 AAAAC3NzaC1lZDI1NTE5AAAAIJJaekXdTPC7ENZwlR9aSWKr7BlW4CP5raTrmrndiHNp root@ubuntu-xenial
ssh-rsa AAAAB3NzaC1yc2EAAAADAQABAAABAQC4r0ZbtPn20tt5NplxwM81UmQK75a4Uu6+khgnakHVvr3oUXv8ofc43GktJ39JVmo3r5FhNuioUuOLjauLglGJ+sqccwyHTDnxYhcrNwgrnlFScvbSK1y3gYnAKNxD/rqVMH9/WjrritckacI+zIbpiNBhU1nelF0Wbny2GpU8L6/kQPafHSVmjiH6UXlDENrZLwaaPGSWrzW08t/TMZ5vePq6+aMMENs5LMPSqbzHnWEvMi4+bAXuDkNz25C+H8b/s78eT7K9btoipBHaB1e9aUatsGsvziLdfRKkf9vtZYlw6mmZPxPKsvwgKBMYyD6UJUYfvlUGSgZFLfvjHVcp root@ubuntu-xenial
-----END SSH HOST KEY KEYS-----
[  149.532814] cloud-init[1570]: Cloud-init v. 18.2 running 'modules:final' at Tue, 10 Jul 2018 09:48:16 +0000. Up 145.04 seconds.
[  149.534540] cloud-init[1570]: ci-info: no authorized ssh keys fingerprints found for user ubuntu.
[  149.580614] cloud-init[1570]: Cloud-init v. 18.2 finished at Tue, 10 Jul 2018 09:48:21 +0000. Datasource DataSourceNoCloud [seed=/dev/sdb][dsmode=net].  Up 149.49 seconds
